<?xml version="1.0" encoding="UTF-8"?>
<testng-results ignored="0" total="2" passed="2" failed="0" skipped="0">
  <reporter-output>
  </reporter-output>
  <suite started-at="2023-01-04T09:17:57 IST" name="Suite" finished-at="2023-01-04T09:18:44 IST" duration-ms="47498">
    <groups>
    </groups>
    <test started-at="2023-01-04T09:17:57 IST" name="Test" finished-at="2023-01-04T09:18:44 IST" duration-ms="47498">
      <class name="com.picsniff.testcases.TC_SignInDataDriven">
        <test-method is-config="true" signature="setUp()[pri:0, instance:com.picsniff.testcases.TC_SignInDataDriven@6ae5aa72]" started-at="2023-01-04T09:17:57 IST" name="setUp" finished-at="2023-01-04T09:18:01 IST" duration-ms="4200" status="PASS">
          <reporter-output>
          </reporter-output>
        </test-method> <!-- setUp -->
        <test-method signature="verifySignIn(java.lang.String,java.lang.String,java.lang.String)[pri:0, instance:com.picsniff.testcases.TC_SignInDataDriven@6ae5aa72]" started-at="2023-01-04T09:18:02 IST" name="verifySignIn" data-provider="LoginDataProvider" finished-at="2023-01-04T09:18:25 IST" duration-ms="22753" status="PASS">
          <params>
            <param index="0">
              <value>
                <![CDATA[sunpune@gmail.com]]>
              </value>
            </param>
            <param index="1">
              <value>
                <![CDATA[asdfgh]]>
              </value>
            </param>
            <param index="2">
              <value>
                <![CDATA[sunpune@gmail.com]]>
              </value>
            </param>
          </params>
          <reporter-output>
          </reporter-output>
        </test-method> <!-- verifySignIn -->
        <test-method signature="verifySignIn(java.lang.String,java.lang.String,java.lang.String)[pri:0, instance:com.picsniff.testcases.TC_SignInDataDriven@6ae5aa72]" started-at="2023-01-04T09:18:25 IST" name="verifySignIn" data-provider="LoginDataProvider" finished-at="2023-01-04T09:18:44 IST" duration-ms="19125" status="PASS">
          <params>
            <param index="0">
              <value>
                <![CDATA[emeraldpictures05@gmail.com]]>
              </value>
            </param>
            <param index="1">
              <value>
                <![CDATA[3<@h9Ek4J<~zHp]]>
              </value>
            </param>
            <param index="2">
              <value>
                <![CDATA[emeraldpictures05@gmail.com]]>
              </value>
            </param>
          </params>
          <reporter-output>
          </reporter-output>
        </test-method> <!-- verifySignIn -->
        <test-method is-config="true" signature="tearDown()[pri:0, instance:com.picsniff.testcases.TC_SignInDataDriven@6ae5aa72]" started-at="2023-01-04T09:18:44 IST" name="tearDown" finished-at="2023-01-04T09:18:44 IST" duration-ms="433" status="PASS">
          <reporter-output>
          </reporter-output>
        </test-method> <!-- tearDown -->
      </class> <!-- com.picsniff.testcases.TC_SignInDataDriven -->
    </test> <!-- Test -->
  </suite> <!-- Suite -->
</testng-results>
