<?xml version="1.0" encoding="UTF-8"?>
<testsuite xmlns:xsi="http://www.w3.org/2001/XMLSchema-instance" xsi:noNamespaceSchemaLocation="https://maven.apache.org/surefire/maven-surefire-plugin/xsd/surefire-test-report-3.0.xsd" version="3.0" name="TestSuite" time="48.118" tests="2" errors="0" skipped="0" failures="0">
  <properties>
[...]
</properties>
  <testcase name="verifySignIn[sunpune@gmail.com, asdfgh, sunpune@gmail.com](1)" classname="com.picsniff.testcases.TC_SignInDataDriven" time="22.756">
    <system-out><![CDATA[Rows: 3 Columns: 3
Login page opened successfully
Closed help tour 
Clicked on profile icon
User Email id is : sunpune@gmail.com
Logged Out Successfully:sunpune@gmail.com
]]></system-out>
    <system-err><![CDATA[SLF4J: Failed to load class "org.slf4j.impl.StaticLoggerBinder".
SLF4J: Defaulting to no-operation (NOP) logger implementation
SLF4J: See http://www.slf4j.org/codes.html#StaticLoggerBinder for further details.
ERROR StatusLogger Log4j2 could not find a logging implementation. Please add log4j-core to the classpath. Using SimpleLogger to log to the console...
Starting Microsoft Edge WebDriver 108.0.1462.54 (c2998c8c661724d797c22f48cf555a2bef5029ee) on port 38716
To submit feedback, report a bug, or suggest new features, please visit https://github.com/MicrosoftEdge/EdgeWebDriver

Only local connections are allowed.
Please see https://aka.ms/WebDriverSecurity for suggestions on keeping Microsoft Edge WebDriver safe.

Microsoft Edge WebDriver was started successfully.
Jan 04, 2023 9:18:01 AM org.openqa.selenium.devtools.CdpVersionFinder findNearestMatch
WARNING: Unable to find an exact match for CDP version 108, so returning the closest version found: 107
]]></system-err>
  </testcase>
  <testcase name="verifySignIn[emeraldpictures05@gmail.com, 3&lt;@h9Ek4J&lt;~zHp, emeraldpictures05@gmail.com](2)" classname="com.picsniff.testcases.TC_SignInDataDriven" time="19.123">
    <system-out><![CDATA[Login page opened successfully
Closed help tour 
Clicked on profile icon
User Email id is : emeraldpictures05@gmail.com
Logged Out Successfully:emeraldpictures05@gmail.com
]]></system-out>
  </testcase>
</testsuite>