<?xml version="1.0" encoding="UTF-8"?>
<testng-results ignored="0" total="2" passed="2" failed="0" skipped="0">
  <reporter-output>
  </reporter-output>
  <suite started-at="2022-12-22T18:27:34 IST" name="Default suite" finished-at="2022-12-22T18:28:22 IST" duration-ms="47608">
    <groups>
    </groups>
    <test started-at="2022-12-22T18:27:34 IST" name="Default test" finished-at="2022-12-22T18:28:22 IST" duration-ms="47608">
      <class name="com.picsniff.testcases.TC_SignInDataDriven">
        <test-method is-config="true" signature="setUp()[pri:0, instance:com.picsniff.testcases.TC_SignInDataDriven@15bb5034]" started-at="2022-12-22T18:27:34 IST" name="setUp" finished-at="2022-12-22T18:27:39 IST" duration-ms="5204" status="PASS">
          <reporter-output>
          </reporter-output>
        </test-method> <!-- setUp -->
        <test-method signature="verifySignIn(java.lang.String,java.lang.String,java.lang.String)[pri:0, instance:com.picsniff.testcases.TC_SignInDataDriven@15bb5034]" started-at="2022-12-22T18:27:40 IST" name="verifySignIn" data-provider="LoginDataProvider" finished-at="2022-12-22T18:28:02 IST" duration-ms="21560" status="PASS">
          <params>
            <param index="0">
              <value>
                <![CDATA[sunpune@gmail.com]]>
              </value>
            </param>
            <param index="1">
              <value>
                <![CDATA[asdfgh]]>
              </value>
            </param>
            <param index="2">
              <value>
                <![CDATA[sunpune@gmail.com]]>
              </value>
            </param>
          </params>
          <reporter-output>
          </reporter-output>
        </test-method> <!-- verifySignIn -->
        <test-method signature="verifySignIn(java.lang.String,java.lang.String,java.lang.String)[pri:0, instance:com.picsniff.testcases.TC_SignInDataDriven@15bb5034]" started-at="2022-12-22T18:28:02 IST" name="verifySignIn" data-provider="LoginDataProvider" finished-at="2022-12-22T18:28:21 IST" duration-ms="19091" status="PASS">
          <params>
            <param index="0">
              <value>
                <![CDATA[emeraldpictures05@gmail.com]]>
              </value>
            </param>
            <param index="1">
              <value>
                <![CDATA[3<@h9Ek4J<~zHp]]>
              </value>
            </param>
            <param index="2">
              <value>
                <![CDATA[emeraldpictures05@gmail.com]]>
              </value>
            </param>
          </params>
          <reporter-output>
          </reporter-output>
        </test-method> <!-- verifySignIn -->
        <test-method is-config="true" signature="tearDown()[pri:0, instance:com.picsniff.testcases.TC_SignInDataDriven@15bb5034]" started-at="2022-12-22T18:28:21 IST" name="tearDown" finished-at="2022-12-22T18:28:22 IST" duration-ms="538" status="PASS">
          <reporter-output>
          </reporter-output>
        </test-method> <!-- tearDown -->
      </class> <!-- com.picsniff.testcases.TC_SignInDataDriven -->
    </test> <!-- Default test -->
  </suite> <!-- Default suite -->
</testng-results>
